<?xml version="1.0" encoding="UTF-8"?>
<testng-results ignored="0" total="3" passed="3" failed="0" skipped="0">
  <reporter-output>
  </reporter-output>
  <suite started-at="2023-12-03T23:55:05 IST" name="Default suite" finished-at="2023-12-03T23:55:06 IST" duration-ms="1102">
    <groups>
      <group name="cucumber">
        <method signature="AbstractTestNGCucumberTests.runScenario(io.cucumber.testng.PickleWrapper,io.cucumber.testng.FeatureWrapper)[pri:0, instance:Runner.Runner@1750fbeb]" name="runScenario" class="io.cucumber.testng.AbstractTestNGCucumberTests"/>
      </group> <!-- cucumber -->
    </groups>
    <test started-at="2023-12-03T23:55:05 IST" name="Default test" finished-at="2023-12-03T23:55:06 IST" duration-ms="1102">
      <class name="Runner.Runner">
        <test-method is-config="true" signature="setUpClass(org.testng.ITestContext)[pri:0, instance:Runner.Runner@1750fbeb]" started-at="2023-12-03T23:55:05 IST" name="setUpClass" finished-at="2023-12-03T23:55:06 IST" duration-ms="774" status="PASS">
          <params>
            <param index="0">
              <value>
                <![CDATA[org.testng.TestRunner@5942ee04]]>
              </value>
            </param>
          </params>
          <reporter-output>
          </reporter-output>
        </test-method> <!-- setUpClass -->
        <test-method signature="runScenario(io.cucumber.testng.PickleWrapper,io.cucumber.testng.FeatureWrapper)[pri:0, instance:Runner.Runner@1750fbeb]" started-at="2023-12-03T23:55:06 IST" name="runScenario" description="Runs Cucumber Scenarios" data-provider="scenarios" finished-at="2023-12-03T23:55:06 IST" duration-ms="129" status="PASS">
          <params>
            <param index="0">
              <value>
                <![CDATA["To verify Add to Cart Functionality"]]>
              </value>
            </param>
            <param index="1">
              <value>
                <![CDATA["Verify that the user is able to add item in cart"]]>
              </value>
            </param>
          </params>
          <reporter-output>
          </reporter-output>
        </test-method> <!-- runScenario -->
        <test-method signature="runScenario(io.cucumber.testng.PickleWrapper,io.cucumber.testng.FeatureWrapper)[pri:0, instance:Runner.Runner@1750fbeb]" started-at="2023-12-03T23:55:06 IST" name="runScenario" description="Runs Cucumber Scenarios" data-provider="scenarios" finished-at="2023-12-03T23:55:06 IST" duration-ms="10" status="PASS">
          <params>
            <param index="0">
              <value>
                <![CDATA["To verify product filtering Functionality"]]>
              </value>
            </param>
            <param index="1">
              <value>
                <![CDATA["Verify that the user is able to filter the items"]]>
              </value>
            </param>
          </params>
          <reporter-output>
          </reporter-output>
        </test-method> <!-- runScenario -->
        <test-method signature="runScenario(io.cucumber.testng.PickleWrapper,io.cucumber.testng.FeatureWrapper)[pri:0, instance:Runner.Runner@1750fbeb]" started-at="2023-12-03T23:55:06 IST" name="runScenario" description="Runs Cucumber Scenarios" data-provider="scenarios" finished-at="2023-12-03T23:55:06 IST" duration-ms="6" status="PASS">
          <params>
            <param index="0">
              <value>
                <![CDATA["User registration required fields"]]>
              </value>
            </param>
            <param index="1">
              <value>
                <![CDATA["Amazon New User Registration"]]>
              </value>
            </param>
          </params>
          <reporter-output>
          </reporter-output>
        </test-method> <!-- runScenario -->
        <test-method is-config="true" signature="tearDownClass()[pri:0, instance:Runner.Runner@1750fbeb]" started-at="2023-12-03T23:55:06 IST" name="tearDownClass" finished-at="2023-12-03T23:55:06 IST" duration-ms="112" status="PASS">
          <reporter-output>
          </reporter-output>
        </test-method> <!-- tearDownClass -->
      </class> <!-- Runner.Runner -->
    </test> <!-- Default test -->
  </suite> <!-- Default suite -->
</testng-results>
